  [1m[35m (518.7ms)[0m  [1m[35mCREATE TABLE "schema_migrations" ("version" varchar NOT NULL PRIMARY KEY)[0m
  [1m[35m (441.5ms)[0m  [1m[35mCREATE TABLE "ar_internal_metadata" ("key" varchar NOT NULL PRIMARY KEY, "value" varchar, "created_at" datetime(6) NOT NULL, "updated_at" datetime(6) NOT NULL)[0m
  [1m[36mActiveRecord::SchemaMigration Pluck (0.5ms)[0m  [1m[34mSELECT "schema_migrations"."version" FROM "schema_migrations" ORDER BY "schema_migrations"."version" ASC[0m
Migrating to CreateRestaurants (20230319063821)
  [1m[36mTRANSACTION (0.3ms)[0m  [1m[36mbegin transaction[0m
  [1m[35m (1.0ms)[0m  [1m[35mCREATE TABLE "restaurants" ("id" integer PRIMARY KEY AUTOINCREMENT NOT NULL, "name" varchar, "address" varchar, "created_at" datetime(6) NOT NULL, "updated_at" datetime(6) NOT NULL)[0m
  [1m[36mActiveRecord::SchemaMigration Create (0.3ms)[0m  [1m[32mINSERT INTO "schema_migrations" ("version") VALUES (?)[0m  [["version", "20230319063821"]]
  [1m[36mTRANSACTION (385.7ms)[0m  [1m[36mcommit transaction[0m
Migrating to CreatePizzas (20230319064344)
  [1m[36mTRANSACTION (0.3ms)[0m  [1m[36mbegin transaction[0m
  [1m[35m (1.3ms)[0m  [1m[35mCREATE TABLE "pizzas" ("id" integer PRIMARY KEY AUTOINCREMENT NOT NULL, "name" varchar, "ingredients" text, "created_at" datetime(6) NOT NULL, "updated_at" datetime(6) NOT NULL)[0m
  [1m[36mActiveRecord::SchemaMigration Create (0.9ms)[0m  [1m[32mINSERT INTO "schema_migrations" ("version") VALUES (?)[0m  [["version", "20230319064344"]]
  [1m[36mTRANSACTION (405.8ms)[0m  [1m[36mcommit transaction[0m
Migrating to CreateRestaurantPizzas (20230319064409)
  [1m[36mTRANSACTION (0.2ms)[0m  [1m[36mbegin transaction[0m
  [1m[35m (1.3ms)[0m  [1m[35mCREATE TABLE "restaurant_pizzas" ("id" integer PRIMARY KEY AUTOINCREMENT NOT NULL, "restaurant_id" integer NOT NULL, "pizza_id" integer NOT NULL, "price" integer, "created_at" datetime(6) NOT NULL, "updated_at" datetime(6) NOT NULL, CONSTRAINT "fk_rails_f279821f06"
FOREIGN KEY ("restaurant_id")
  REFERENCES "restaurants" ("id")
, CONSTRAINT "fk_rails_ab3bb148dc"
FOREIGN KEY ("pizza_id")
  REFERENCES "pizzas" ("id")
)[0m
  [1m[35m (0.7ms)[0m  [1m[35mCREATE INDEX "index_restaurant_pizzas_on_restaurant_id" ON "restaurant_pizzas" ("restaurant_id")[0m
  [1m[35m (0.5ms)[0m  [1m[35mCREATE INDEX "index_restaurant_pizzas_on_pizza_id" ON "restaurant_pizzas" ("pizza_id")[0m
  [1m[36mActiveRecord::SchemaMigration Create (0.8ms)[0m  [1m[32mINSERT INTO "schema_migrations" ("version") VALUES (?)[0m  [["version", "20230319064409"]]
  [1m[36mTRANSACTION (382.3ms)[0m  [1m[36mcommit transaction[0m
  [1m[36mActiveRecord::InternalMetadata Load (0.6ms)[0m  [1m[34mSELECT "ar_internal_metadata".* FROM "ar_internal_metadata" WHERE "ar_internal_metadata"."key" = ? LIMIT ?[0m  [["key", "environment"], ["LIMIT", 1]]
  [1m[36mTRANSACTION (0.1ms)[0m  [1m[36mbegin transaction[0m
  [1m[36mActiveRecord::InternalMetadata Create (0.6ms)[0m  [1m[32mINSERT INTO "ar_internal_metadata" ("key", "value", "created_at", "updated_at") VALUES (?, ?, ?, ?)[0m  [["key", "environment"], ["value", "development"], ["created_at", "2023-03-19 06:51:17.487507"], ["updated_at", "2023-03-19 06:51:17.487507"]]
  [1m[36mTRANSACTION (351.0ms)[0m  [1m[36mcommit transaction[0m
  [1m[36mActiveRecord::SchemaMigration Pluck (0.4ms)[0m  [1m[34mSELECT "schema_migrations"."version" FROM "schema_migrations" ORDER BY "schema_migrations"."version" ASC[0m
Started GET "/" for 127.0.0.1 at 2023-03-19 10:01:58 +0300
  [1m[36mActiveRecord::SchemaMigration Pluck (0.6ms)[0m  [1m[34mSELECT "schema_migrations"."version" FROM "schema_migrations" ORDER BY "schema_migrations"."version" ASC[0m
Processing by Rails::WelcomeController#index as HTML
  Rendering /usr/share/rvm/gems/ruby-2.7.4/gems/railties-7.0.4.3/lib/rails/templates/rails/welcome/index.html.erb
  Rendered /usr/share/rvm/gems/ruby-2.7.4/gems/railties-7.0.4.3/lib/rails/templates/rails/welcome/index.html.erb (Duration: 99.6ms | Allocations: 766)
Completed 200 OK in 324ms (Views: 168.9ms | ActiveRecord: 0.0ms | Allocations: 6743)


  [1m[36mActiveRecord::SchemaMigration Pluck (0.2ms)[0m  [1m[34mSELECT "schema_migrations"."version" FROM "schema_migrations" ORDER BY "schema_migrations"."version" ASC[0m
  [1m[36mTRANSACTION (0.1ms)[0m  [1m[36mbegin transaction[0m
  [1m[36mPizza Create (0.4ms)[0m  [1m[32mINSERT INTO "pizzas" ("name", "ingredients", "created_at", "updated_at") VALUES (?, ?, ?, ?)[0m  [["name", "Chicken"], ["ingredients", "Dough, Tomato Sauce, Chicken"], ["created_at", "2023-03-19 09:58:22.362186"], ["updated_at", "2023-03-19 09:58:22.362186"]]
  [1m[36mTRANSACTION (101.5ms)[0m  [1m[36mcommit transaction[0m
  [1m[36mTRANSACTION (0.1ms)[0m  [1m[36mbegin transaction[0m
  [1m[36mPizza Create (0.3ms)[0m  [1m[32mINSERT INTO "pizzas" ("name", "ingredients", "created_at", "updated_at") VALUES (?, ?, ?, ?)[0m  [["name", "Pepper"], ["ingredients", "Dough, Tomato Sauce, Cheese, Pepper"], ["created_at", "2023-03-19 09:58:22.470218"], ["updated_at", "2023-03-19 09:58:22.470218"]]
  [1m[36mTRANSACTION (104.9ms)[0m  [1m[36mcommit transaction[0m
  [1m[36mTRANSACTION (0.1ms)[0m  [1m[36mbegin transaction[0m
  [1m[36mPizza Create (0.8ms)[0m  [1m[32mINSERT INTO "pizzas" ("name", "ingredients", "created_at", "updated_at") VALUES (?, ?, ?, ?)[0m  [["name", "Vegetable"], ["ingredients", "Dough, Tomato Sauce, Cheese, Mushrooms, Peppers, Onions"], ["created_at", "2023-03-19 09:58:22.581524"], ["updated_at", "2023-03-19 09:58:22.581524"]]
  [1m[36mTRANSACTION (123.7ms)[0m  [1m[36mcommit transaction[0m
  [1m[36mTRANSACTION (0.1ms)[0m  [1m[36mbegin transaction[0m
  [1m[36mRestaurant Create (0.7ms)[0m  [1m[32mINSERT INTO "restaurants" ("name", "address", "created_at", "updated_at") VALUES (?, ?, ?, ?)[0m  [["name", "Lolwe"], ["address", "44, Nairobi, N 3273"], ["created_at", "2023-03-19 09:58:22.748929"], ["updated_at", "2023-03-19 09:58:22.748929"]]
  [1m[36mTRANSACTION (102.0ms)[0m  [1m[36mcommit transaction[0m
  [1m[36mTRANSACTION (0.1ms)[0m  [1m[36mbegin transaction[0m
  [1m[36mRestaurant Create (0.7ms)[0m  [1m[32mINSERT INTO "restaurants" ("name", "address", "created_at", "updated_at") VALUES (?, ?, ?, ?)[0m  [["name", "Vivy"], ["address", "69 , Kisumu, K 3333"], ["created_at", "2023-03-19 09:58:22.859379"], ["updated_at", "2023-03-19 09:58:22.859379"]]
  [1m[36mTRANSACTION (68.7ms)[0m  [1m[36mcommit transaction[0m
